<?xml version="1.0" encoding="UTF-8"?>
<!-- Generated by org.testng.reporters.JUnitReportReporter -->
<testsuite hostname="Rohit-PC" failures="0" tests="1" name="pkges.test2" time="0.015" errors="0" timestamp="2022-05-20T12:32:45 IST" skipped="0">
  <testcase classname="pkges.test2" name="testB" time="0.015"/>
  <system-out/>
</testsuite> <!-- pkges.test2 -->
