<?xml version="1.0" encoding="UTF-8"?>
<!-- Generated by org.testng.reporters.JUnitReportReporter -->
<testsuite hostname="Rohit-PC" failures="0" tests="2" name="pkges.test1" time="0.021" errors="0" timestamp="2022-05-20T12:32:45 IST" skipped="0">
  <testcase classname="pkges.test1" name="testA" time="0.002"/>
  <system-out/>
  <testcase classname="pkges.test1" name="testB" time="0.019"/>
  <system-out/>
</testsuite> <!-- pkges.test1 -->
