<?xml version="1.0" encoding="UTF-8"?>
<!-- Generated by org.testng.reporters.JUnitReportReporter -->
<testsuite hostname="Rohit-PC" failures="0" tests="1" name="pkges.VerifyLoginPage" time="22.127" errors="0" timestamp="2022-05-20T12:32:45 IST" skipped="0">
  <testcase classname="pkges.VerifyLoginPage" name="verifylink" time="22.127"/>
  <system-out/>
</testsuite> <!-- pkges.VerifyLoginPage -->
